<?xml version="1.0" encoding="UTF-8"?>
<!-- Generated by org.testng.reporters.JUnitXMLReporter -->
<testsuite ignored="0" hostname="DESKTOP-QMFDB72" failures="0" tests="5" name="Parabank_automation" time="34.505" errors="0" timestamp="2023-10-12T13:38:53 NPT">
  <testcase classname="page.mainPage" name="registerUser" time="6.117"/>
  <testcase classname="page.mainPage" name="BillPay" time="2.466"/>
  <testcase classname="page.mainPage" name="findTransaction" time="14.616"/>
  <testcase classname="page.mainPage" name="RequestLoan" time="0.738"/>
  <testcase classname="page.mainPage" name="logOut" time="0.758"/>
</testsuite> <!-- Parabank_automation -->
